<?xml version="1.0" encoding="UTF-8"?>
<testsuite xmlns:xsi="http://www.w3.org/2001/XMLSchema-instance" xsi:noNamespaceSchemaLocation="https://maven.apache.org/surefire/maven-surefire-plugin/xsd/surefire-test-report.xsd" version="3.0.2" name="com.waferalarm.evaluator.EvaluatorRunnerIntegrationTest" time="3.021" tests="4" errors="0" skipped="0" failures="0">
  <properties>
[...]
</properties>
  <testcase name="tick_does_not_create_alarm_for_measurement_within_limit" classname="com.waferalarm.evaluator.EvaluatorRunnerIntegrationTest" time="0.389">
    <system-out><![CDATA[23:58:20.005 [main] INFO org.springframework.test.context.support.AnnotationConfigContextLoaderUtils -- Could not detect default configuration classes for test class [com.waferalarm.evaluator.EvaluatorRunnerIntegrationTest]: EvaluatorRunnerIntegrationTest does not declare any static, non-private, non-final, nested classes annotated with @Configuration.
23:58:20.063 [main] INFO org.springframework.boot.test.context.SpringBootTestContextBootstrapper -- Found @SpringBootConfiguration com.waferalarm.WaferAlarmApplication for test class com.waferalarm.evaluator.EvaluatorRunnerIntegrationTest

  .   ____          _            __ _ _
 /\\ / ___'_ __ _ _(_)_ __  __ _ \ \ \ \
( ( )\___ | '_ | '_| | '_ \/ _` | \ \ \ \
 \\/  ___)| |_)| | | | | || (_| |  ) ) ) )
  '  |____| .__|_| |_|_| |_\__, | / / / /
 =========|_|==============|___/=/_/_/_/

 :: Spring Boot ::                (v3.4.4)

2026-04-09T23:58:20.259+08:00  INFO 87318 --- [           main] c.w.e.EvaluatorRunnerIntegrationTest     : Starting EvaluatorRunnerIntegrationTest using Java 25.0.2 with PID 87318 (started by qsbao in /Users/qsbao/github/qsbao/wafer-alarm-work)
2026-04-09T23:58:20.260+08:00  INFO 87318 --- [           main] c.w.e.EvaluatorRunnerIntegrationTest     : The following 1 profile is active: "test"
2026-04-09T23:58:20.543+08:00  INFO 87318 --- [           main] .s.d.r.c.RepositoryConfigurationDelegate : Bootstrapping Spring Data JPA repositories in DEFAULT mode.
2026-04-09T23:58:20.579+08:00  INFO 87318 --- [           main] .s.d.r.c.RepositoryConfigurationDelegate : Finished Spring Data repository scanning in 32 ms. Found 6 JPA repository interfaces.
2026-04-09T23:58:20.867+08:00  INFO 87318 --- [           main] com.zaxxer.hikari.HikariDataSource       : HikariPool-1 - Starting...
2026-04-09T23:58:20.958+08:00  INFO 87318 --- [           main] com.zaxxer.hikari.pool.HikariPool        : HikariPool-1 - Added connection conn0: url=jdbc:h2:mem:testdb user=SA
2026-04-09T23:58:20.960+08:00  INFO 87318 --- [           main] com.zaxxer.hikari.HikariDataSource       : HikariPool-1 - Start completed.
2026-04-09T23:58:20.984+08:00  INFO 87318 --- [           main] org.flywaydb.core.FlywayExecutor         : Database: jdbc:h2:mem:testdb (H2 2.3)
2026-04-09T23:58:20.991+08:00  WARN 87318 --- [           main] o.f.c.internal.database.base.Database    : Flyway upgrade recommended: H2 2.3.232 is newer than this version of Flyway and support has not been tested. The latest supported version of H2 is 2.2.224.
2026-04-09T23:58:21.002+08:00  INFO 87318 --- [           main] o.f.c.i.s.JdbcTableSchemaHistory         : Schema history table "PUBLIC"."flyway_schema_history" does not exist yet
2026-04-09T23:58:21.004+08:00  INFO 87318 --- [           main] o.f.core.internal.command.DbValidate     : Successfully validated 1 migration (execution time 00:00.006s)
2026-04-09T23:58:21.008+08:00  INFO 87318 --- [           main] o.f.c.i.s.JdbcTableSchemaHistory         : Creating Schema History table "PUBLIC"."flyway_schema_history" ...
2026-04-09T23:58:21.024+08:00  INFO 87318 --- [           main] o.f.core.internal.command.DbMigrate      : Current version of schema "PUBLIC": << Empty Schema >>
2026-04-09T23:58:21.030+08:00  INFO 87318 --- [           main] o.f.core.internal.command.DbMigrate      : Migrating schema "PUBLIC" to version "1 - baseline schema"
2026-04-09T23:58:21.048+08:00  INFO 87318 --- [           main] o.f.core.internal.command.DbMigrate      : Successfully applied 1 migration to schema "PUBLIC", now at version v1 (execution time 00:00.011s)
2026-04-09T23:58:21.160+08:00  INFO 87318 --- [           main] o.hibernate.jpa.internal.util.LogHelper  : HHH000204: Processing PersistenceUnitInfo [name: default]
2026-04-09T23:58:21.184+08:00  INFO 87318 --- [           main] org.hibernate.Version                    : HHH000412: Hibernate ORM core version 6.6.11.Final
2026-04-09T23:58:21.205+08:00  INFO 87318 --- [           main] o.h.c.internal.RegionFactoryInitiator    : HHH000026: Second-level cache disabled
2026-04-09T23:58:21.334+08:00  INFO 87318 --- [           main] o.s.o.j.p.SpringPersistenceUnitInfo      : No LoadTimeWeaver setup: ignoring JPA class transformer
2026-04-09T23:58:21.356+08:00  WARN 87318 --- [           main] org.hibernate.orm.deprecation            : HHH90000025: H2Dialect does not need to be specified explicitly using 'hibernate.dialect' (remove the property setting and it will be selected by default)
2026-04-09T23:58:21.362+08:00  INFO 87318 --- [           main] org.hibernate.orm.connections.pooling    : HHH10001005: Database info:
	Database JDBC URL [Connecting through datasource 'HikariDataSource (HikariPool-1)']
	Database driver: undefined/unknown
	Database version: 2.3.232
	Autocommit mode: undefined/unknown
	Isolation level: undefined/unknown
	Minimum pool size: undefined/unknown
	Maximum pool size: undefined/unknown
2026-04-09T23:58:21.815+08:00  INFO 87318 --- [           main] o.h.e.t.j.p.i.JtaPlatformInitiator       : HHH000489: No JTA platform available (set 'hibernate.transaction.jta.platform' to enable JTA platform integration)
2026-04-09T23:58:21.816+08:00  INFO 87318 --- [           main] j.LocalContainerEntityManagerFactoryBean : Initialized JPA EntityManagerFactory for persistence unit 'default'
2026-04-09T23:58:21.943+08:00  INFO 87318 --- [           main] o.s.d.j.r.query.QueryEnhancerFactory     : Hibernate is in classpath; If applicable, HQL parser will be used.
2026-04-09T23:58:22.479+08:00  INFO 87318 --- [           main] c.w.e.EvaluatorRunnerIntegrationTest     : Started EvaluatorRunnerIntegrationTest in 2.365 seconds (process running for 2.853)
2026-04-09T23:58:22.871+08:00  INFO 87318 --- [           main] c.waferalarm.evaluator.EvaluatorRunner   : Evaluator tick: 1 measurements, 0 events, watermark=2026-04-09T15:58:22.836157Z
]]></system-out>
    <system-err><![CDATA[Mockito is currently self-attaching to enable the inline-mock-maker. This will no longer work in future releases of the JDK. Please add Mockito as an agent to your build what is described in Mockito's documentation: https://javadoc.io/doc/org.mockito/mockito-core/latest/org/mockito/Mockito.html#0.3
WARNING: A Java agent has been loaded dynamically (/Users/qsbao/.m2/repository/net/bytebuddy/byte-buddy-agent/1.15.11/byte-buddy-agent-1.15.11.jar)
WARNING: If a serviceability tool is in use, please run with -XX:+EnableDynamicAgentLoading to hide this warning
WARNING: If a serviceability tool is not in use, please run with -Djdk.instrument.traceUsage for more information
WARNING: Dynamic loading of agents will be disallowed by default in a future release
]]></system-err>
  </testcase>
  <testcase name="watermark_prevents_re_evaluation_of_same_measurements" classname="com.waferalarm.evaluator.EvaluatorRunnerIntegrationTest" time="0.029">
    <system-out><![CDATA[2026-04-09T23:58:22.900+08:00  INFO 87318 --- [           main] c.waferalarm.evaluator.EvaluatorRunner   : Evaluator tick: 1 measurements, 1 events, watermark=2026-04-09T15:58:22.889569Z
]]></system-out>
  </testcase>
  <testcase name="tick_creates_alarm_for_measurement_exceeding_upper_threshold" classname="com.waferalarm.evaluator.EvaluatorRunnerIntegrationTest" time="0.018">
    <system-out><![CDATA[2026-04-09T23:58:22.923+08:00  INFO 87318 --- [           main] c.waferalarm.evaluator.EvaluatorRunner   : Evaluator tick: 1 measurements, 1 events, watermark=2026-04-09T15:58:22.918120Z
]]></system-out>
  </testcase>
  <testcase name="second_violation_accumulates_on_existing_alarm" classname="com.waferalarm.evaluator.EvaluatorRunnerIntegrationTest" time="0.036">
    <system-out><![CDATA[2026-04-09T23:58:22.942+08:00  INFO 87318 --- [           main] c.waferalarm.evaluator.EvaluatorRunner   : Evaluator tick: 1 measurements, 1 events, watermark=2026-04-09T15:58:22.936014Z
2026-04-09T23:58:22.958+08:00  INFO 87318 --- [           main] c.waferalarm.evaluator.EvaluatorRunner   : Evaluator tick: 1 measurements, 1 events, watermark=2026-04-09T15:58:22.942587Z
]]></system-out>
  </testcase>
</testsuite>